2024-06-14T11:23:13  docs: clarify usage notes
2024-07-18T18:40:20  test: add edge case
2024-07-28T13:57:27  refactor: tidy internals
2024-09-01T08:14:34  fix: handle empty input gracefully
2024-09-18T15:31:41  perf: micro-optimization
2024-10-23T10:48:48  style: formatting
2024-11-02T17:05:55  chore: bump dev tooling
2024-11-20T12:22:02  docs: expand examples
2024-12-24T19:39:09  test: strengthen coverage
2025-01-28T14:56:16  chore: tune defaults
2025-02-07T09:13:23  refactor: simplify helper
2025-02-25T16:30:30  chore: routine maintenance
2025-03-31T11:47:37  docs: clarify usage notes
2025-05-05T18:04:44  test: add edge case
2025-05-22T13:21:51  refactor: tidy internals
2025-06-26T08:38:58  fix: handle empty input gracefully
2025-07-06T15:55:05  perf: micro-optimization
2025-07-23T10:12:12  style: formatting
2025-08-27T17:29:19  chore: bump dev tooling
2025-09-30T12:46:26  docs: expand examples
2025-10-11T19:03:33  test: strengthen coverage
2025-10-28T14:20:40  chore: tune defaults
